{"/Users/oguzsancaktar/Projects/FullstackHelsinki/full-projects/notes-app/frontend/src/App.js": {"path":"/Users/oguzsancaktar/Projects/FullstackHelsinki/full-projects/notes-app/frontend/src/App.js","statementMap":{"0":{"start":{"line":11,"column":12},"end":{"line":137,"column":1}},"1":{"start":{"line":12,"column":28},"end":{"line":12,"column":40}},"2":{"start":{"line":14,"column":32},"end":{"line":14,"column":47}},"3":{"start":{"line":15,"column":42},"end":{"line":15,"column":56}},"4":{"start":{"line":16,"column":34},"end":{"line":16,"column":46}},"5":{"start":{"line":17,"column":34},"end":{"line":17,"column":46}},"6":{"start":{"line":18,"column":26},"end":{"line":18,"column":40}},"7":{"start":{"line":20,"column":2},"end":{"line":24,"column":8}},"8":{"start":{"line":21,"column":4},"end":{"line":23,"column":6}},"9":{"start":{"line":22,"column":6},"end":{"line":22,"column":28}},"10":{"start":{"line":26,"column":2},"end":{"line":33,"column":8}},"11":{"start":{"line":27,"column":27},"end":{"line":27,"column":75}},"12":{"start":{"line":28,"column":4},"end":{"line":32,"column":5}},"13":{"start":{"line":29,"column":19},"end":{"line":29,"column":45}},"14":{"start":{"line":30,"column":6},"end":{"line":30,"column":19}},"15":{"start":{"line":31,"column":6},"end":{"line":31,"column":38}},"16":{"start":{"line":35,"column":29},"end":{"line":52,"column":3}},"17":{"start":{"line":36,"column":17},"end":{"line":36,"column":47}},"18":{"start":{"line":36,"column":35},"end":{"line":36,"column":46}},"19":{"start":{"line":37,"column":24},"end":{"line":37,"column":63}},"20":{"start":{"line":39,"column":4},"end":{"line":51,"column":8}},"21":{"start":{"line":42,"column":8},"end":{"line":42,"column":77}},"22":{"start":{"line":42,"column":38},"end":{"line":42,"column":74}},"23":{"start":{"line":45,"column":8},"end":{"line":47,"column":9}},"24":{"start":{"line":48,"column":8},"end":{"line":50,"column":16}},"25":{"start":{"line":49,"column":10},"end":{"line":49,"column":31}},"26":{"start":{"line":54,"column":18},"end":{"line":59,"column":3}},"27":{"start":{"line":55,"column":4},"end":{"line":55,"column":42}},"28":{"start":{"line":56,"column":4},"end":{"line":58,"column":6}},"29":{"start":{"line":57,"column":6},"end":{"line":57,"column":42}},"30":{"start":{"line":61,"column":22},"end":{"line":61,"column":78}},"31":{"start":{"line":61,"column":63},"end":{"line":61,"column":77}},"32":{"start":{"line":63,"column":22},"end":{"line":80,"column":3}},"33":{"start":{"line":64,"column":4},"end":{"line":64,"column":26}},"34":{"start":{"line":65,"column":4},"end":{"line":79,"column":5}},"35":{"start":{"line":66,"column":19},"end":{"line":66,"column":67}},"36":{"start":{"line":68,"column":6},"end":{"line":68,"column":76}},"37":{"start":{"line":70,"column":6},"end":{"line":70,"column":38}},"38":{"start":{"line":71,"column":6},"end":{"line":71,"column":19}},"39":{"start":{"line":72,"column":6},"end":{"line":72,"column":21}},"40":{"start":{"line":73,"column":6},"end":{"line":73,"column":21}},"41":{"start":{"line":75,"column":6},"end":{"line":75,"column":36}},"42":{"start":{"line":76,"column":6},"end":{"line":78,"column":14}},"43":{"start":{"line":77,"column":8},"end":{"line":77,"column":29}},"44":{"start":{"line":82,"column":22},"end":{"line":82,"column":30}},"45":{"start":{"line":84,"column":19},"end":{"line":88,"column":3}},"46":{"start":{"line":85,"column":4},"end":{"line":87,"column":16}},"47":{"start":{"line":90,"column":20},"end":{"line":102,"column":3}},"48":{"start":{"line":91,"column":4},"end":{"line":101,"column":5}},"49":{"start":{"line":96,"column":48},"end":{"line":96,"column":73}},"50":{"start":{"line":97,"column":48},"end":{"line":97,"column":73}},"51":{"start":{"line":104,"column":2},"end":{"line":136,"column":3}},"52":{"start":{"line":120,"column":31},"end":{"line":120,"column":51}},"53":{"start":{"line":126,"column":10},"end":{"line":130,"column":12}},"54":{"start":{"line":129,"column":36},"end":{"line":129,"column":63}}},"fnMap":{"0":{"name":"(anonymous_0)","decl":{"start":{"line":11,"column":12},"end":{"line":11,"column":13}},"loc":{"start":{"line":11,"column":18},"end":{"line":137,"column":1}},"line":11},"1":{"name":"(anonymous_1)","decl":{"start":{"line":20,"column":12},"end":{"line":20,"column":13}},"loc":{"start":{"line":20,"column":18},"end":{"line":24,"column":3}},"line":20},"2":{"name":"(anonymous_2)","decl":{"start":{"line":21,"column":30},"end":{"line":21,"column":31}},"loc":{"start":{"line":21,"column":48},"end":{"line":23,"column":5}},"line":21},"3":{"name":"(anonymous_3)","decl":{"start":{"line":26,"column":12},"end":{"line":26,"column":13}},"loc":{"start":{"line":26,"column":18},"end":{"line":33,"column":3}},"line":26},"4":{"name":"(anonymous_4)","decl":{"start":{"line":35,"column":29},"end":{"line":35,"column":30}},"loc":{"start":{"line":35,"column":37},"end":{"line":52,"column":3}},"line":35},"5":{"name":"(anonymous_5)","decl":{"start":{"line":36,"column":28},"end":{"line":36,"column":29}},"loc":{"start":{"line":36,"column":35},"end":{"line":36,"column":46}},"line":36},"6":{"name":"(anonymous_6)","decl":{"start":{"line":41,"column":12},"end":{"line":41,"column":13}},"loc":{"start":{"line":41,"column":30},"end":{"line":43,"column":7}},"line":41},"7":{"name":"(anonymous_7)","decl":{"start":{"line":42,"column":27},"end":{"line":42,"column":28}},"loc":{"start":{"line":42,"column":38},"end":{"line":42,"column":74}},"line":42},"8":{"name":"(anonymous_8)","decl":{"start":{"line":44,"column":13},"end":{"line":44,"column":14}},"loc":{"start":{"line":44,"column":19},"end":{"line":51,"column":7}},"line":44},"9":{"name":"(anonymous_9)","decl":{"start":{"line":48,"column":19},"end":{"line":48,"column":20}},"loc":{"start":{"line":48,"column":25},"end":{"line":50,"column":9}},"line":48},"10":{"name":"(anonymous_10)","decl":{"start":{"line":54,"column":18},"end":{"line":54,"column":19}},"loc":{"start":{"line":54,"column":34},"end":{"line":59,"column":3}},"line":54},"11":{"name":"(anonymous_11)","decl":{"start":{"line":56,"column":40},"end":{"line":56,"column":41}},"loc":{"start":{"line":56,"column":58},"end":{"line":58,"column":5}},"line":56},"12":{"name":"(anonymous_12)","decl":{"start":{"line":61,"column":53},"end":{"line":61,"column":54}},"loc":{"start":{"line":61,"column":63},"end":{"line":61,"column":77}},"line":61},"13":{"name":"(anonymous_13)","decl":{"start":{"line":63,"column":22},"end":{"line":63,"column":23}},"loc":{"start":{"line":63,"column":39},"end":{"line":80,"column":3}},"line":63},"14":{"name":"(anonymous_14)","decl":{"start":{"line":76,"column":17},"end":{"line":76,"column":18}},"loc":{"start":{"line":76,"column":23},"end":{"line":78,"column":7}},"line":76},"15":{"name":"(anonymous_15)","decl":{"start":{"line":84,"column":19},"end":{"line":84,"column":20}},"loc":{"start":{"line":85,"column":4},"end":{"line":87,"column":16}},"line":85},"16":{"name":"(anonymous_16)","decl":{"start":{"line":90,"column":20},"end":{"line":90,"column":21}},"loc":{"start":{"line":90,"column":26},"end":{"line":102,"column":3}},"line":90},"17":{"name":"(anonymous_17)","decl":{"start":{"line":96,"column":32},"end":{"line":96,"column":33}},"loc":{"start":{"line":96,"column":48},"end":{"line":96,"column":73}},"line":96},"18":{"name":"(anonymous_18)","decl":{"start":{"line":97,"column":32},"end":{"line":97,"column":33}},"loc":{"start":{"line":97,"column":48},"end":{"line":97,"column":73}},"line":97},"19":{"name":"(anonymous_19)","decl":{"start":{"line":120,"column":25},"end":{"line":120,"column":26}},"loc":{"start":{"line":120,"column":31},"end":{"line":120,"column":51}},"line":120},"20":{"name":"(anonymous_20)","decl":{"start":{"line":125,"column":25},"end":{"line":125,"column":26}},"loc":{"start":{"line":126,"column":10},"end":{"line":130,"column":12}},"line":126},"21":{"name":"(anonymous_21)","decl":{"start":{"line":129,"column":30},"end":{"line":129,"column":31}},"loc":{"start":{"line":129,"column":36},"end":{"line":129,"column":63}},"line":129}},"branchMap":{"0":{"loc":{"start":{"line":28,"column":4},"end":{"line":32,"column":5}},"type":"if","locations":[{"start":{"line":28,"column":4},"end":{"line":32,"column":5}},{"start":{},"end":{}}],"line":28},"1":{"loc":{"start":{"line":42,"column":38},"end":{"line":42,"column":74}},"type":"cond-expr","locations":[{"start":{"line":42,"column":55},"end":{"line":42,"column":59}},{"start":{"line":42,"column":62},"end":{"line":42,"column":74}}],"line":42},"2":{"loc":{"start":{"line":61,"column":22},"end":{"line":61,"column":78}},"type":"cond-expr","locations":[{"start":{"line":61,"column":32},"end":{"line":61,"column":37}},{"start":{"line":61,"column":40},"end":{"line":61,"column":78}}],"line":61},"3":{"loc":{"start":{"line":110,"column":7},"end":{"line":117,"column":7}},"type":"cond-expr","locations":[{"start":{"line":111,"column":8},"end":{"line":111,"column":19}},{"start":{"line":113,"column":8},"end":{"line":116,"column":14}}],"line":110},"4":{"loc":{"start":{"line":121,"column":16},"end":{"line":121,"column":45}},"type":"cond-expr","locations":[{"start":{"line":121,"column":26},"end":{"line":121,"column":37}},{"start":{"line":121,"column":40},"end":{"line":121,"column":45}}],"line":121}},"s":{"0":0,"1":0,"2":0,"3":0,"4":0,"5":0,"6":0,"7":0,"8":0,"9":0,"10":0,"11":0,"12":0,"13":0,"14":0,"15":0,"16":0,"17":0,"18":0,"19":0,"20":0,"21":0,"22":0,"23":0,"24":0,"25":0,"26":0,"27":0,"28":0,"29":0,"30":0,"31":0,"32":0,"33":0,"34":0,"35":0,"36":0,"37":0,"38":0,"39":0,"40":0,"41":0,"42":0,"43":0,"44":0,"45":0,"46":0,"47":0,"48":0,"49":0,"50":0,"51":0,"52":0,"53":0,"54":0},"f":{"0":0,"1":0,"2":0,"3":0,"4":0,"5":0,"6":0,"7":0,"8":0,"9":0,"10":0,"11":0,"12":0,"13":0,"14":0,"15":0,"16":0,"17":0,"18":0,"19":0,"20":0,"21":0},"b":{"0":[0,0],"1":[0,0],"2":[0,0],"3":[0,0],"4":[0,0]}}
,"/Users/oguzsancaktar/Projects/FullstackHelsinki/full-projects/notes-app/frontend/src/index.js": {"path":"/Users/oguzsancaktar/Projects/FullstackHelsinki/full-projects/notes-app/frontend/src/index.js","statementMap":{"0":{"start":{"line":6,"column":0},"end":{"line":6,"column":57}}},"fnMap":{},"branchMap":{},"s":{"0":0},"f":{},"b":{}}
,"/Users/oguzsancaktar/Projects/FullstackHelsinki/full-projects/notes-app/frontend/src/components/Footer.js": {"path":"/Users/oguzsancaktar/Projects/FullstackHelsinki/full-projects/notes-app/frontend/src/components/Footer.js","statementMap":{"0":{"start":{"line":3,"column":15},"end":{"line":16,"column":1}},"1":{"start":{"line":4,"column":22},"end":{"line":8,"column":3}},"2":{"start":{"line":10,"column":2},"end":{"line":15,"column":3}}},"fnMap":{"0":{"name":"(anonymous_0)","decl":{"start":{"line":3,"column":15},"end":{"line":3,"column":16}},"loc":{"start":{"line":3,"column":21},"end":{"line":16,"column":1}},"line":3}},"branchMap":{},"s":{"0":0,"1":0,"2":0},"f":{"0":0},"b":{}}
,"/Users/oguzsancaktar/Projects/FullstackHelsinki/full-projects/notes-app/frontend/src/components/LoginForm.js": {"path":"/Users/oguzsancaktar/Projects/FullstackHelsinki/full-projects/notes-app/frontend/src/components/LoginForm.js","statementMap":{"0":{"start":{"line":4,"column":18},"end":{"line":36,"column":1}},"1":{"start":{"line":11,"column":2},"end":{"line":35,"column":3}},"2":{"start":{"line":38,"column":0},"end":{"line":44,"column":1}}},"fnMap":{"0":{"name":"(anonymous_0)","decl":{"start":{"line":4,"column":18},"end":{"line":4,"column":19}},"loc":{"start":{"line":10,"column":6},"end":{"line":36,"column":1}},"line":10}},"branchMap":{},"s":{"0":0,"1":0,"2":0},"f":{"0":0},"b":{}}
,"/Users/oguzsancaktar/Projects/FullstackHelsinki/full-projects/notes-app/frontend/src/components/Note.js": {"path":"/Users/oguzsancaktar/Projects/FullstackHelsinki/full-projects/notes-app/frontend/src/components/Note.js","statementMap":{"0":{"start":{"line":3,"column":13},"end":{"line":14,"column":1}},"1":{"start":{"line":5,"column":16},"end":{"line":6,"column":45}},"2":{"start":{"line":8,"column":2},"end":{"line":13,"column":3}}},"fnMap":{"0":{"name":"(anonymous_0)","decl":{"start":{"line":3,"column":13},"end":{"line":3,"column":14}},"loc":{"start":{"line":3,"column":45},"end":{"line":14,"column":1}},"line":3}},"branchMap":{"0":{"loc":{"start":{"line":5,"column":16},"end":{"line":6,"column":45}},"type":"cond-expr","locations":[{"start":{"line":6,"column":6},"end":{"line":6,"column":26}},{"start":{"line":6,"column":29},"end":{"line":6,"column":45}}],"line":5}},"s":{"0":1,"1":2,"2":2},"f":{"0":2},"b":{"0":[2,0]},"_coverageSchema":"1a1c01bbd47fc00a2c39e90264f33305004495a9","hash":"f92ae4972bfa00e9e3c110a6c56a2d49fe33c477"}
,"/Users/oguzsancaktar/Projects/FullstackHelsinki/full-projects/notes-app/frontend/src/components/NoteForm.js": {"path":"/Users/oguzsancaktar/Projects/FullstackHelsinki/full-projects/notes-app/frontend/src/components/NoteForm.js","statementMap":{"0":{"start":{"line":3,"column":17},"end":{"line":27,"column":1}},"1":{"start":{"line":4,"column":32},"end":{"line":4,"column":44}},"2":{"start":{"line":6,"column":27},"end":{"line":9,"column":3}},"3":{"start":{"line":7,"column":4},"end":{"line":7,"column":35}},"4":{"start":{"line":8,"column":4},"end":{"line":8,"column":34}},"5":{"start":{"line":11,"column":18},"end":{"line":19,"column":3}},"6":{"start":{"line":12,"column":4},"end":{"line":12,"column":26}},"7":{"start":{"line":13,"column":4},"end":{"line":16,"column":6}},"8":{"start":{"line":18,"column":4},"end":{"line":18,"column":18}},"9":{"start":{"line":21,"column":2},"end":{"line":26,"column":3}}},"fnMap":{"0":{"name":"(anonymous_0)","decl":{"start":{"line":3,"column":17},"end":{"line":3,"column":18}},"loc":{"start":{"line":3,"column":37},"end":{"line":27,"column":1}},"line":3},"1":{"name":"(anonymous_1)","decl":{"start":{"line":6,"column":27},"end":{"line":6,"column":28}},"loc":{"start":{"line":6,"column":38},"end":{"line":9,"column":3}},"line":6},"2":{"name":"(anonymous_2)","decl":{"start":{"line":11,"column":18},"end":{"line":11,"column":19}},"loc":{"start":{"line":11,"column":29},"end":{"line":19,"column":3}},"line":11}},"branchMap":{},"s":{"0":1,"1":3,"2":3,"3":1,"4":1,"5":3,"6":1,"7":1,"8":1,"9":3},"f":{"0":3,"1":1,"2":1},"b":{},"_coverageSchema":"1a1c01bbd47fc00a2c39e90264f33305004495a9","hash":"08d042b75ae620ba25728967dddad99f9ab0868e"}
,"/Users/oguzsancaktar/Projects/FullstackHelsinki/full-projects/notes-app/frontend/src/components/Notification.js": {"path":"/Users/oguzsancaktar/Projects/FullstackHelsinki/full-projects/notes-app/frontend/src/components/Notification.js","statementMap":{"0":{"start":{"line":3,"column":21},"end":{"line":13,"column":1}},"1":{"start":{"line":4,"column":2},"end":{"line":6,"column":3}},"2":{"start":{"line":5,"column":4},"end":{"line":5,"column":15}},"3":{"start":{"line":8,"column":2},"end":{"line":12,"column":3}}},"fnMap":{"0":{"name":"(anonymous_0)","decl":{"start":{"line":3,"column":21},"end":{"line":3,"column":22}},"loc":{"start":{"line":3,"column":38},"end":{"line":13,"column":1}},"line":3}},"branchMap":{"0":{"loc":{"start":{"line":4,"column":2},"end":{"line":6,"column":3}},"type":"if","locations":[{"start":{"line":4,"column":2},"end":{"line":6,"column":3}},{"start":{},"end":{}}],"line":4}},"s":{"0":0,"1":0,"2":0,"3":0},"f":{"0":0},"b":{"0":[0,0]}}
,"/Users/oguzsancaktar/Projects/FullstackHelsinki/full-projects/notes-app/frontend/src/components/Togglable.js": {"path":"/Users/oguzsancaktar/Projects/FullstackHelsinki/full-projects/notes-app/frontend/src/components/Togglable.js","statementMap":{"0":{"start":{"line":4,"column":18},"end":{"line":31,"column":2}},"1":{"start":{"line":5,"column":32},"end":{"line":5,"column":47}},"2":{"start":{"line":7,"column":26},"end":{"line":7,"column":60}},"3":{"start":{"line":8,"column":26},"end":{"line":8,"column":60}},"4":{"start":{"line":10,"column":27},"end":{"line":12,"column":3}},"5":{"start":{"line":11,"column":4},"end":{"line":11,"column":24}},"6":{"start":{"line":14,"column":2},"end":{"line":18,"column":4}},"7":{"start":{"line":15,"column":4},"end":{"line":17,"column":5}},"8":{"start":{"line":20,"column":2},"end":{"line":30,"column":3}},"9":{"start":{"line":33,"column":0},"end":{"line":33,"column":35}},"10":{"start":{"line":34,"column":0},"end":{"line":36,"column":1}}},"fnMap":{"0":{"name":"(anonymous_0)","decl":{"start":{"line":4,"column":35},"end":{"line":4,"column":36}},"loc":{"start":{"line":4,"column":51},"end":{"line":31,"column":1}},"line":4},"1":{"name":"(anonymous_1)","decl":{"start":{"line":10,"column":27},"end":{"line":10,"column":28}},"loc":{"start":{"line":10,"column":33},"end":{"line":12,"column":3}},"line":10},"2":{"name":"(anonymous_2)","decl":{"start":{"line":14,"column":27},"end":{"line":14,"column":28}},"loc":{"start":{"line":14,"column":33},"end":{"line":18,"column":3}},"line":14}},"branchMap":{"0":{"loc":{"start":{"line":7,"column":37},"end":{"line":7,"column":58}},"type":"cond-expr","locations":[{"start":{"line":7,"column":47},"end":{"line":7,"column":53}},{"start":{"line":7,"column":56},"end":{"line":7,"column":58}}],"line":7},"1":{"loc":{"start":{"line":8,"column":37},"end":{"line":8,"column":58}},"type":"cond-expr","locations":[{"start":{"line":8,"column":47},"end":{"line":8,"column":49}},{"start":{"line":8,"column":52},"end":{"line":8,"column":58}}],"line":8}},"s":{"0":1,"1":6,"2":6,"3":6,"4":6,"5":2,"6":6,"7":0,"8":6,"9":1,"10":1},"f":{"0":6,"1":2,"2":0},"b":{"0":[1,5],"1":[1,5]},"_coverageSchema":"1a1c01bbd47fc00a2c39e90264f33305004495a9","hash":"ceb34f557bf1f90dbff264c043f527697aa09a94"}
,"/Users/oguzsancaktar/Projects/FullstackHelsinki/full-projects/notes-app/frontend/src/services/login.js": {"path":"/Users/oguzsancaktar/Projects/FullstackHelsinki/full-projects/notes-app/frontend/src/services/login.js","statementMap":{"0":{"start":{"line":2,"column":16},"end":{"line":2,"column":28}},"1":{"start":{"line":5,"column":14},"end":{"line":8,"column":1}},"2":{"start":{"line":6,"column":19},"end":{"line":6,"column":57}},"3":{"start":{"line":7,"column":2},"end":{"line":7,"column":22}},"4":{"start":{"line":11,"column":21},"end":{"line":11,"column":30}}},"fnMap":{"0":{"name":"(anonymous_0)","decl":{"start":{"line":5,"column":14},"end":{"line":5,"column":15}},"loc":{"start":{"line":5,"column":37},"end":{"line":8,"column":1}},"line":5}},"branchMap":{},"s":{"0":0,"1":0,"2":0,"3":0,"4":0},"f":{"0":0},"b":{}}
,"/Users/oguzsancaktar/Projects/FullstackHelsinki/full-projects/notes-app/frontend/src/services/notes.js": {"path":"/Users/oguzsancaktar/Projects/FullstackHelsinki/full-projects/notes-app/frontend/src/services/notes.js","statementMap":{"0":{"start":{"line":2,"column":16},"end":{"line":2,"column":28}},"1":{"start":{"line":5,"column":12},"end":{"line":5,"column":16}},"2":{"start":{"line":7,"column":17},"end":{"line":9,"column":1}},"3":{"start":{"line":8,"column":2},"end":{"line":8,"column":30}},"4":{"start":{"line":11,"column":15},"end":{"line":14,"column":1}},"5":{"start":{"line":12,"column":18},"end":{"line":12,"column":36}},"6":{"start":{"line":13,"column":2},"end":{"line":13,"column":48}},"7":{"start":{"line":13,"column":34},"end":{"line":13,"column":47}},"8":{"start":{"line":16,"column":15},"end":{"line":24,"column":1}},"9":{"start":{"line":18,"column":17},"end":{"line":20,"column":3}},"10":{"start":{"line":22,"column":18},"end":{"line":22,"column":62}},"11":{"start":{"line":23,"column":2},"end":{"line":23,"column":48}},"12":{"start":{"line":23,"column":34},"end":{"line":23,"column":47}},"13":{"start":{"line":26,"column":15},"end":{"line":29,"column":1}},"14":{"start":{"line":27,"column":18},"end":{"line":27,"column":58}},"15":{"start":{"line":28,"column":2},"end":{"line":28,"column":48}},"16":{"start":{"line":28,"column":34},"end":{"line":28,"column":47}},"17":{"start":{"line":31,"column":20},"end":{"line":31,"column":56}}},"fnMap":{"0":{"name":"(anonymous_0)","decl":{"start":{"line":7,"column":17},"end":{"line":7,"column":18}},"loc":{"start":{"line":7,"column":31},"end":{"line":9,"column":1}},"line":7},"1":{"name":"(anonymous_1)","decl":{"start":{"line":11,"column":15},"end":{"line":11,"column":16}},"loc":{"start":{"line":11,"column":21},"end":{"line":14,"column":1}},"line":11},"2":{"name":"(anonymous_2)","decl":{"start":{"line":13,"column":22},"end":{"line":13,"column":23}},"loc":{"start":{"line":13,"column":34},"end":{"line":13,"column":47}},"line":13},"3":{"name":"(anonymous_3)","decl":{"start":{"line":16,"column":15},"end":{"line":16,"column":16}},"loc":{"start":{"line":16,"column":34},"end":{"line":24,"column":1}},"line":16},"4":{"name":"(anonymous_4)","decl":{"start":{"line":23,"column":22},"end":{"line":23,"column":23}},"loc":{"start":{"line":23,"column":34},"end":{"line":23,"column":47}},"line":23},"5":{"name":"(anonymous_5)","decl":{"start":{"line":26,"column":15},"end":{"line":26,"column":16}},"loc":{"start":{"line":26,"column":34},"end":{"line":29,"column":1}},"line":26},"6":{"name":"(anonymous_6)","decl":{"start":{"line":28,"column":22},"end":{"line":28,"column":23}},"loc":{"start":{"line":28,"column":34},"end":{"line":28,"column":47}},"line":28}},"branchMap":{},"s":{"0":0,"1":0,"2":0,"3":0,"4":0,"5":0,"6":0,"7":0,"8":0,"9":0,"10":0,"11":0,"12":0,"13":0,"14":0,"15":0,"16":0,"17":0},"f":{"0":0,"1":0,"2":0,"3":0,"4":0,"5":0,"6":0},"b":{}}
}
